<?xml version="1.0" encoding="UTF-8"?>
<!-- Generated by org.testng.reporters.JUnitReportReporter -->
<testsuite hostname="Piyu" failures="0" tests="1" name="org.testscripts.MavenParameter_Test" time="4.378" errors="0" timestamp="2024-11-14T12:50:53 IST" skipped="0">
  <testcase classname="org.testscripts.MavenParameter_Test" name="launchingGoogleUsingParameterization" time="4.378"/>
</testsuite> <!-- org.testscripts.MavenParameter_Test -->
