<?xml version="1.0" encoding="UTF-8"?>
<!-- Generated by org.testng.reporters.JUnitReportReporter -->
<testsuite hostname="Piyu" failures="0" tests="1" name="org.testscripts.Kohli_Test" time="3.749" errors="0" timestamp="2024-11-13T13:37:07 IST" skipped="0">
  <testcase classname="org.testscripts.Kohli_Test" name="launchKohli" time="3.749">
    <system-out>
      <![CDATA[Kohli is Launched]]>
    </system-out>
  </testcase> <!-- launchKohli -->
  <system-out>
    <![CDATA[Kohli is Launched
Dhoni is Launched
Hardik is Launched]]>
  </system-out>
</testsuite> <!-- org.testscripts.Kohli_Test -->
