<?xml version="1.0" encoding="UTF-8"?>
<!-- Generated by org.testng.reporters.JUnitReportReporter -->
<testsuite hostname="Piyu" failures="0" tests="1" name="org.testscripts.Hardik_Test" time="2.767" errors="0" timestamp="2024-11-13T13:37:07 IST" skipped="0">
  <testcase classname="org.testscripts.Hardik_Test" name="launchHardik" time="2.767">
    <system-out>
      <![CDATA[Hardik is Launched]]>
    </system-out>
  </testcase> <!-- launchHardik -->
  <system-out>
    <![CDATA[Kohli is Launched
Dhoni is Launched
Hardik is Launched]]>
  </system-out>
</testsuite> <!-- org.testscripts.Hardik_Test -->
