<?xml version="1.0" encoding="UTF-8"?>
<!-- Generated by org.testng.reporters.JUnitReportReporter -->
<testsuite hostname="Piyu" failures="0" tests="1" name="org.testscripts.Bumrah" time="3.722" errors="0" timestamp="2024-11-13T13:21:47 IST" skipped="0">
  <testcase classname="org.testscripts.Bumrah" name="launchBumrah" time="3.722">
    <system-out>
      <![CDATA[Bumrah is Launched]]>
    </system-out>
  </testcase> <!-- launchBumrah -->
  <system-out>
    <![CDATA[Bumrah is Launched
Rohit is Launched]]>
  </system-out>
</testsuite> <!-- org.testscripts.Bumrah -->
