<?xml version="1.0" encoding="UTF-8"?>
<!-- Generated by org.testng.reporters.JUnitReportReporter -->
<testsuite hostname="Piyu" failures="0" tests="1" name="org.testscripts.Rohit_Test" time="2.724" errors="0" timestamp="2024-11-13T13:36:44 IST" skipped="0">
  <testcase classname="org.testscripts.Rohit_Test" name="launchRohit" time="2.724">
    <system-out>
      <![CDATA[Rohit is Launched]]>
    </system-out>
  </testcase> <!-- launchRohit -->
  <system-out>
    <![CDATA[Bumrah is Launched
Rohit is Launched]]>
  </system-out>
</testsuite> <!-- org.testscripts.Rohit_Test -->
