<?xml version="1.0" encoding="UTF-8"?>
<!-- Generated by org.testng.reporters.JUnitReportReporter -->
<testsuite hostname="Piyu" failures="0" tests="1" name="org.testscripts.Dhoni_Test" time="2.891" errors="0" timestamp="2024-11-13T13:37:07 IST" skipped="0">
  <testcase classname="org.testscripts.Dhoni_Test" name="launchDhoni" time="2.891">
    <system-out>
      <![CDATA[Dhoni is Launched]]>
    </system-out>
  </testcase> <!-- launchDhoni -->
  <system-out>
    <![CDATA[Kohli is Launched
Dhoni is Launched
Hardik is Launched]]>
  </system-out>
</testsuite> <!-- org.testscripts.Dhoni_Test -->
