<?xml version="1.0" encoding="UTF-8"?>
<!-- Generated by org.testng.reporters.JUnitReportReporter -->
<testsuite hostname="Piyu" failures="0" tests="2" name="org.genericUtilities.DataProviderClass" time="0.047" errors="0" timestamp="2024-11-19T13:53:03 IST" skipped="0">
  <testcase classname="org.genericUtilities.DataProviderClass" name="test" time="0.021"/>
  <system-out/>
  <testcase classname="org.genericUtilities.DataProviderClass" name="test" time="0.026"/>
  <system-out/>
</testsuite> <!-- org.genericUtilities.DataProviderClass -->
