<?xml version="1.0" encoding="UTF-8"?>
<!-- Generated by org.testng.reporters.JUnitReportReporter -->
<testsuite hostname="Piyu" failures="0" tests="1" name="org.AutomationTestScripts.DWS_CartSTC_001_Test" time="24.399" errors="0" timestamp="2024-11-22T14:11:38 IST" skipped="0">
  <testcase classname="org.AutomationTestScripts.DWS_CartSTC_001_Test" name="verify_user_is_able_to_add_product_to_cart" time="24.399"/>
  <system-out>
    <![CDATA[[Testcase--verify_user_is_able_to_add_product_to_cart started]
[Testcase--verify_user_is_able_to_add_product_to_cart success]]]>
  </system-out>
</testsuite> <!-- org.AutomationTestScripts.DWS_CartSTC_001_Test -->
