<?xml version="1.0" encoding="UTF-8"?>
<!-- Generated by org.testng.reporters.JUnitReportReporter -->
<testsuite hostname="Piyu" failures="0" tests="3" name="org.testNG_FrameworkTool.Launching_TourismSites" time="38.214" errors="0" timestamp="2024-10-18T13:30:08 IST" skipped="1">
  <testcase classname="org.testNG_FrameworkTool.Launching_TourismSites" name="maharashtra" time="20.280"/>
  <system-out>
    <![CDATA[Browser is launched
Browser is maximized
Navigated to Maharastra Tourism
Browser is closed]]>
  </system-out>
  <testcase classname="org.testNG_FrameworkTool.Launching_TourismSites" name="tamilnadu" time="17.934"/>
  <system-out>
    <![CDATA[Browser is launched
Browser is maximized
Navigated to Tamilnadu Tourism
Browser is closed]]>
  </system-out>
  <testcase classname="org.testNG_FrameworkTool.Launching_TourismSites" name="karnataka">
    <skipped/>
  </testcase> <!-- karnataka -->
  <system-out/>
</testsuite> <!-- org.testNG_FrameworkTool.Launching_TourismSites -->
