<?xml version="1.0" encoding="UTF-8"?>
<!-- Generated by org.testng.reporters.JUnitReportReporter -->
<testsuite hostname="Piyu" failures="0" tests="3" name="org.testNG_FrameworkTool.Understanding_TestNG" time="0.019" errors="0" timestamp="2024-10-16T14:25:22 IST" skipped="0">
  <testcase classname="org.testNG_FrameworkTool.Understanding_TestNG" name="test1" time="0.016"/>
  <system-out/>
  <testcase classname="org.testNG_FrameworkTool.Understanding_TestNG" name="test2" time="0.001"/>
  <system-out/>
  <testcase classname="org.testNG_FrameworkTool.Understanding_TestNG" name="test3" time="0.002"/>
  <system-out/>
</testsuite> <!-- org.testNG_FrameworkTool.Understanding_TestNG -->
