<?xml version="1.0" encoding="UTF-8"?>
<!-- Generated by org.testng.reporters.JUnitReportReporter -->
<testsuite hostname="Piyu" failures="0" tests="1" name="org.testNg_crossBrowserExecution_classes.CrossBrowser_Execution" time="2.267" errors="0" timestamp="2024-10-23T13:33:43 IST" skipped="0">
  <testcase classname="org.testNg_crossBrowserExecution_classes.CrossBrowser_Execution" name="launchBrowser" time="2.267"/>
  <system-out/>
</testsuite> <!-- org.testNg_crossBrowserExecution_classes.CrossBrowser_Execution -->
