<?xml version="1.0" encoding="UTF-8"?>
<!-- Generated by org.testng.reporters.JUnitReportReporter -->
<testsuite hostname="Piyu" failures="0" tests="1" name="org.testNg_groupExecution_classes.Hardik" time="4.742" errors="0" timestamp="2024-10-22T14:22:02 IST" skipped="0">
  <testcase classname="org.testNg_groupExecution_classes.Hardik" name="launchHardik" time="4.742"/>
  <system-out>
    <![CDATA[Hardik is Launched]]>
  </system-out>
</testsuite> <!-- org.testNg_groupExecution_classes.Hardik -->
