<?xml version="1.0" encoding="UTF-8"?>
<!-- Generated by org.testng.reporters.JUnitReportReporter -->
<testsuite hostname="Piyu" failures="0" tests="1" name="org.genericUtilities.BaseClass" time="0.011" errors="0" timestamp="2024-10-23T14:23:10 IST" skipped="0">
  <testcase classname="org.genericUtilities.BaseClass" name="test" time="0.011"/>
  <system-out/>
</testsuite> <!-- org.genericUtilities.BaseClass -->
