<?xml version="1.0" encoding="UTF-8"?>
<!-- Generated by org.testng.reporters.JUnitReportReporter -->
<testsuite hostname="Piyu" failures="0" tests="1" name="org.testNg_groupExecution_classes.Dhoni" time="6.391" errors="0" timestamp="2024-10-22T14:22:02 IST" skipped="0">
  <testcase classname="org.testNg_groupExecution_classes.Dhoni" name="launchDhoni" time="6.391"/>
  <system-out>
    <![CDATA[Dhoni is Launched]]>
  </system-out>
</testsuite> <!-- org.testNg_groupExecution_classes.Dhoni -->
