<?xml version="1.0" encoding="UTF-8"?>
<!-- Generated by org.testng.reporters.JUnitReportReporter -->
<testsuite hostname="Piyu" failures="0" tests="1" name="org.testNg_batchExecutionClasses.One8_app" time="16.414" errors="0" timestamp="2024-10-21T13:34:49 IST" skipped="0">
  <testcase classname="org.testNg_batchExecutionClasses.One8_app" name="launchOne8" time="16.414"/>
  <system-out>
    <![CDATA[One8 is Launched]]>
  </system-out>
</testsuite> <!-- org.testNg_batchExecutionClasses.One8_app -->
