<?xml version="1.0" encoding="UTF-8"?>
<!-- Generated by org.testng.reporters.JUnitReportReporter -->
<testsuite hostname="Piyu" failures="0" tests="3" name="org.testNG_FrameworkTool.TimeOut_launching_Tourismwebsites" time="25.233" errors="0" timestamp="2024-10-18T13:43:58 IST" skipped="1">
  <testcase classname="org.testNG_FrameworkTool.TimeOut_launching_Tourismwebsites" name="tamilnadu" time="17.828"/>
  <system-out>
    <![CDATA[Browser is launched
Browser is maximized
Navigated to Tamilnadu Tourism
Browser is closed]]>
  </system-out>
  <testcase classname="org.testNG_FrameworkTool.TimeOut_launching_Tourismwebsites" name="maharashtra" time="7.405"/>
  <system-out>
    <![CDATA[Browser is launched
Browser is maximized
Navigated to Maharastra Tourism
Browser is closed]]>
  </system-out>
  <testcase classname="org.testNG_FrameworkTool.TimeOut_launching_Tourismwebsites" name="karnataka">
    <skipped/>
  </testcase> <!-- karnataka -->
  <system-out/>
</testsuite> <!-- org.testNG_FrameworkTool.TimeOut_launching_Tourismwebsites -->
