<?xml version="1.0" encoding="UTF-8"?>
<!-- Generated by org.testng.reporters.JUnitReportReporter -->
<testsuite hostname="Piyu" failures="0" tests="1" name="org.testNG_FrameworkTool.Launching_CricBuzz" time="10.619" errors="0" timestamp="2024-10-17T13:57:07 IST" skipped="0">
  <testcase classname="org.testNG_FrameworkTool.Launching_CricBuzz" name="launchApplication" time="10.619"/>
  <system-out>
    <![CDATA[Browser is launched
Browser is maximized
Navigated to CricBuzz application
Browser is closed]]>
  </system-out>
</testsuite> <!-- org.testNG_FrameworkTool.Launching_CricBuzz -->
