<?xml version="1.0" encoding="UTF-8"?>
<!-- Generated by org.testng.reporters.JUnitReportReporter -->
<testsuite hostname="Piyu" failures="0" tests="2" name="org.testNg_parallelExecution_classes.Suzuki" time="84.676" errors="0" timestamp="2024-10-21T14:13:10 IST" skipped="0">
  <testcase classname="org.testNg_parallelExecution_classes.Suzuki" name="swift" time="50.082"/>
  <system-out>
    <![CDATA[Swift is Launched]]>
  </system-out>
  <testcase classname="org.testNg_parallelExecution_classes.Suzuki" name="ciaz" time="34.594"/>
  <system-out>
    <![CDATA[Ciaz is Launched]]>
  </system-out>
</testsuite> <!-- org.testNg_parallelExecution_classes.Suzuki -->
