<?xml version="1.0" encoding="UTF-8"?>
<!-- Generated by org.testng.reporters.JUnitReportReporter -->
<testsuite hostname="Piyu" failures="0" tests="3" name="org.testNG_FrameworkTool.InvocationCount_Launching_CricBuzz" time="64.262" errors="0" timestamp="2024-10-17T14:02:15 IST" skipped="0">
  <testcase classname="org.testNG_FrameworkTool.InvocationCount_Launching_CricBuzz" name="launchApplication" time="23.718"/>
  <system-out>
    <![CDATA[Browser is launched
Browser is maximized
Navigated to CricBuzz application
Browser is closed]]>
  </system-out>
  <testcase classname="org.testNG_FrameworkTool.InvocationCount_Launching_CricBuzz" name="launchApplication" time="24.921"/>
  <system-out>
    <![CDATA[Browser is launched
Browser is maximized
Navigated to CricBuzz application
Browser is closed]]>
  </system-out>
  <testcase classname="org.testNG_FrameworkTool.InvocationCount_Launching_CricBuzz" name="launchApplication" time="15.623"/>
  <system-out>
    <![CDATA[Browser is launched
Browser is maximized
Navigated to CricBuzz application
Browser is closed]]>
  </system-out>
</testsuite> <!-- org.testNG_FrameworkTool.InvocationCount_Launching_CricBuzz -->
