<?xml version="1.0" encoding="UTF-8"?>
<!-- Generated by org.testng.reporters.JUnitReportReporter -->
<testsuite hostname="Piyu" failures="0" tests="2" name="org.tescases_Utilities.TestNgClass1" time="0.013" errors="0" timestamp="2024-10-24T13:26:38 IST" skipped="0">
  <testcase classname="org.tescases_Utilities.TestNgClass1" name="test2" time="0.004"/>
  <system-out/>
  <testcase classname="org.tescases_Utilities.TestNgClass1" name="test1" time="0.009"/>
  <system-out/>
</testsuite> <!-- org.tescases_Utilities.TestNgClass1 -->
