<?xml version="1.0" encoding="UTF-8"?>
<!-- Generated by org.testng.reporters.JUnitReportReporter -->
<testsuite hostname="Piyu" failures="0" tests="4" name="org.testNG_FrameworkTool.DependsOnMethods_with_multipleMethods" time="256.456" errors="0" timestamp="2024-10-18T14:28:13 IST" skipped="0">
  <testcase classname="org.testNG_FrameworkTool.DependsOnMethods_with_multipleMethods" name="CSK" time="141.300"/>
  <system-out>
    <![CDATA[Browser is launched
Browser is maximized
Navigated to CSK
Browser is closed]]>
  </system-out>
  <testcase classname="org.testNG_FrameworkTool.DependsOnMethods_with_multipleMethods" name="GT" time="26.901"/>
  <system-out>
    <![CDATA[Browser is launched
Browser is maximized
Navigated to GT
Browser is closed]]>
  </system-out>
  <testcase classname="org.testNG_FrameworkTool.DependsOnMethods_with_multipleMethods" name="MI" time="30.625"/>
  <system-out>
    <![CDATA[Browser is launched
Browser is maximized
Navigated to MI
Browser is closed]]>
  </system-out>
  <testcase classname="org.testNG_FrameworkTool.DependsOnMethods_with_multipleMethods" name="RCB" time="57.630"/>
  <system-out>
    <![CDATA[Browser is launched
Browser is maximized
Navigated to RCB
Browser is closed]]>
  </system-out>
</testsuite> <!-- org.testNG_FrameworkTool.DependsOnMethods_with_multipleMethods -->
