<?xml version="1.0" encoding="UTF-8"?>
<!-- Generated by org.testng.reporters.JUnitReportReporter -->
<testsuite hostname="Piyu" failures="0" tests="1" name="org.testNg_parallelExecution_classes.One8" time="7.861" errors="0" timestamp="2024-10-21T13:40:46 IST" skipped="0">
  <testcase classname="org.testNg_parallelExecution_classes.One8" name="launchOne8" time="7.861"/>
  <system-out>
    <![CDATA[One8 is Launched]]>
  </system-out>
</testsuite> <!-- org.testNg_parallelExecution_classes.One8 -->
