<?xml version="1.0" encoding="UTF-8"?>
<!-- Generated by org.testng.reporters.JUnitReportReporter -->
<testsuite hostname="Piyu" failures="0" tests="1" name="org.testNg_parallelExecution_classes.TATA" time="36.203" errors="0" timestamp="2024-10-21T14:13:10 IST" skipped="0">
  <testcase classname="org.testNg_parallelExecution_classes.TATA" name="nexon" time="36.203"/>
  <system-out>
    <![CDATA[Nexon is Launched]]>
  </system-out>
</testsuite> <!-- org.testNg_parallelExecution_classes.TATA -->
