<?xml version="1.0" encoding="UTF-8"?>
<!-- Generated by org.testng.reporters.JUnitReportReporter -->
<testsuite hostname="Piyu" failures="0" tests="3" name="org.testNg_parallelExecution_classes.Hero" time="106.857" errors="0" timestamp="2024-10-21T14:13:10 IST" skipped="0">
  <testcase classname="org.testNg_parallelExecution_classes.Hero" name="pleasure" time="35.486"/>
  <system-out>
    <![CDATA[Pleasure is Launched]]>
  </system-out>
  <testcase classname="org.testNg_parallelExecution_classes.Hero" name="xtream200s4v" time="35.840"/>
  <system-out>
    <![CDATA[xtream200s4v is Launched]]>
  </system-out>
  <testcase classname="org.testNg_parallelExecution_classes.Hero" name="splendor" time="35.531"/>
  <system-out>
    <![CDATA[Splendor is Launched]]>
  </system-out>
</testsuite> <!-- org.testNg_parallelExecution_classes.Hero -->
