<?xml version="1.0" encoding="UTF-8"?>
<!-- Generated by org.testng.reporters.JUnitReportReporter -->
<testsuite hostname="Piyu" failures="0" tests="1" name="org.testNg_groupExecution_classes.Rashid" time="4.145" errors="0" timestamp="2024-10-22T14:22:02 IST" skipped="0">
  <testcase classname="org.testNg_groupExecution_classes.Rashid" name="launchBumrah" time="4.145"/>
  <system-out>
    <![CDATA[Rashid is Launched]]>
  </system-out>
</testsuite> <!-- org.testNg_groupExecution_classes.Rashid -->
