<?xml version="1.0" encoding="UTF-8"?>
<!-- Generated by org.testng.reporters.JUnitReportReporter -->
<testsuite hostname="Piyu" failures="0" tests="1" name="org.testNg_batchExecutionClasses.Sketchers_app" time="14.155" errors="0" timestamp="2024-10-21T13:34:49 IST" skipped="0">
  <testcase classname="org.testNg_batchExecutionClasses.Sketchers_app" name="launchSkechers" time="14.155"/>
  <system-out>
    <![CDATA[Skechers is Launched]]>
  </system-out>
</testsuite> <!-- org.testNg_batchExecutionClasses.Sketchers_app -->
