<?xml version="1.0" encoding="UTF-8"?>
<!-- Generated by org.testng.reporters.JUnitReportReporter -->
<testsuite hostname="Piyu" failures="0" tests="1" name="org.tescases_Utilities.Amazon_addToCart" time="34.570" errors="0" timestamp="2024-10-25T14:08:37 IST" skipped="0">
  <testcase classname="org.tescases_Utilities.Amazon_addToCart" name="addToCart" time="34.570"/>
  <system-out/>
</testsuite> <!-- org.tescases_Utilities.Amazon_addToCart -->
