<?xml version="1.0" encoding="UTF-8"?>
<!-- Generated by org.testng.reporters.JUnitReportReporter -->
<testsuite hostname="Piyu" failures="0" tests="3" name="org.testNG_FrameworkTool.ThreadPoolSize_launching_Cricbuzz" time="46.971" errors="0" timestamp="2024-10-17T14:14:14 IST" skipped="0">
  <testcase classname="org.testNG_FrameworkTool.ThreadPoolSize_launching_Cricbuzz" name="launchApplication" time="6.426"/>
  <system-out>
    <![CDATA[Browser is launched
Browser is maximized
Navigated to CricBuzz application
Browser is closed]]>
  </system-out>
  <testcase classname="org.testNG_FrameworkTool.ThreadPoolSize_launching_Cricbuzz" name="launchApplication" time="16.616"/>
  <system-out>
    <![CDATA[Browser is launched
Browser is maximized
Navigated to CricBuzz application
Browser is closed]]>
  </system-out>
  <testcase classname="org.testNG_FrameworkTool.ThreadPoolSize_launching_Cricbuzz" name="launchApplication" time="23.929"/>
  <system-out>
    <![CDATA[Browser is launched
Browser is maximized
Navigated to CricBuzz application
Browser is closed]]>
  </system-out>
</testsuite> <!-- org.testNG_FrameworkTool.ThreadPoolSize_launching_Cricbuzz -->
